<?xml version="1.0" encoding="UTF-8"?>
<testsuite xmlns:xsi="http://www.w3.org/2001/XMLSchema-instance" xsi:noNamespaceSchemaLocation="https://maven.apache.org/surefire/maven-surefire-plugin/xsd/surefire-test-report.xsd" version="3.0.2" name="com.klein.LogixSwiftManagementApplicationTests" time="4.542" tests="1" errors="0" skipped="0" failures="0">
  <properties>
    <property name="java.specification.version" value="21"/>
    <property name="sun.cpu.isalist" value="amd64"/>
    <property name="sun.jnu.encoding" value="GBK"/>
    <property name="java.class.path" value="F:\javacode\ExpressSystem-web\LogixSwift-management\target\test-classes;F:\javacode\ExpressSystem-web\LogixSwift-management\target\classes;F:\software\Maven\reposition\org\springframework\boot\spring-boot-starter-web\3.4.5\spring-boot-starter-web-3.4.5.jar;F:\software\Maven\reposition\org\springframework\boot\spring-boot-starter\3.4.5\spring-boot-starter-3.4.5.jar;F:\software\Maven\reposition\org\springframework\boot\spring-boot\3.4.5\spring-boot-3.4.5.jar;F:\software\Maven\reposition\org\springframework\boot\spring-boot-autoconfigure\3.4.5\spring-boot-autoconfigure-3.4.5.jar;F:\software\Maven\reposition\org\springframework\boot\spring-boot-starter-logging\3.4.5\spring-boot-starter-logging-3.4.5.jar;F:\software\Maven\reposition\ch\qos\logback\logback-classic\1.5.18\logback-classic-1.5.18.jar;F:\software\Maven\reposition\ch\qos\logback\logback-core\1.5.18\logback-core-1.5.18.jar;F:\software\Maven\reposition\org\apache\logging\log4j\log4j-to-slf4j\2.24.3\log4j-to-slf4j-2.24.3.jar;F:\software\Maven\reposition\org\apache\logging\log4j\log4j-api\2.24.3\log4j-api-2.24.3.jar;F:\software\Maven\reposition\org\slf4j\jul-to-slf4j\2.0.17\jul-to-slf4j-2.0.17.jar;F:\software\Maven\reposition\jakarta\annotation\jakarta.annotation-api\2.1.1\jakarta.annotation-api-2.1.1.jar;F:\software\Maven\reposition\org\yaml\snakeyaml\2.3\snakeyaml-2.3.jar;F:\software\Maven\reposition\org\springframework\boot\spring-boot-starter-json\3.4.5\spring-boot-starter-json-3.4.5.jar;F:\software\Maven\reposition\com\fasterxml\jackson\core\jackson-databind\2.18.3\jackson-databind-2.18.3.jar;F:\software\Maven\reposition\com\fasterxml\jackson\core\jackson-annotations\2.18.3\jackson-annotations-2.18.3.jar;F:\software\Maven\reposition\com\fasterxml\jackson\core\jackson-core\2.18.3\jackson-core-2.18.3.jar;F:\software\Maven\reposition\com\fasterxml\jackson\datatype\jackson-datatype-jdk8\2.18.3\jackson-datatype-jdk8-2.18.3.jar;F:\software\Maven\reposition\com\fasterxml\jackson\datatype\jackson-datatype-jsr310\2.18.3\jackson-datatype-jsr310-2.18.3.jar;F:\software\Maven\reposition\com\fasterxml\jackson\module\jackson-module-parameter-names\2.18.3\jackson-module-parameter-names-2.18.3.jar;F:\software\Maven\reposition\org\springframework\boot\spring-boot-starter-tomcat\3.4.5\spring-boot-starter-tomcat-3.4.5.jar;F:\software\Maven\reposition\org\apache\tomcat\embed\tomcat-embed-core\10.1.40\tomcat-embed-core-10.1.40.jar;F:\software\Maven\reposition\org\apache\tomcat\embed\tomcat-embed-el\10.1.40\tomcat-embed-el-10.1.40.jar;F:\software\Maven\reposition\org\apache\tomcat\embed\tomcat-embed-websocket\10.1.40\tomcat-embed-websocket-10.1.40.jar;F:\software\Maven\reposition\org\springframework\spring-web\6.2.6\spring-web-6.2.6.jar;F:\software\Maven\reposition\org\springframework\spring-beans\6.2.6\spring-beans-6.2.6.jar;F:\software\Maven\reposition\io\micrometer\micrometer-observation\1.14.6\micrometer-observation-1.14.6.jar;F:\software\Maven\reposition\io\micrometer\micrometer-commons\1.14.6\micrometer-commons-1.14.6.jar;F:\software\Maven\reposition\org\springframework\spring-webmvc\6.2.6\spring-webmvc-6.2.6.jar;F:\software\Maven\reposition\org\springframework\spring-aop\6.2.6\spring-aop-6.2.6.jar;F:\software\Maven\reposition\org\springframework\spring-context\6.2.6\spring-context-6.2.6.jar;F:\software\Maven\reposition\org\springframework\spring-expression\6.2.6\spring-expression-6.2.6.jar;F:\software\Maven\reposition\org\mybatis\spring\boot\mybatis-spring-boot-starter\3.0.4\mybatis-spring-boot-starter-3.0.4.jar;F:\software\Maven\reposition\org\springframework\boot\spring-boot-starter-jdbc\3.4.5\spring-boot-starter-jdbc-3.4.5.jar;F:\software\Maven\reposition\com\zaxxer\HikariCP\5.1.0\HikariCP-5.1.0.jar;F:\software\Maven\reposition\org\springframework\spring-jdbc\6.2.6\spring-jdbc-6.2.6.jar;F:\software\Maven\reposition\org\mybatis\spring\boot\mybatis-spring-boot-autoconfigure\3.0.4\mybatis-spring-boot-autoconfigure-3.0.4.jar;F:\software\Maven\reposition\org\mybatis\mybatis\3.5.17\mybatis-3.5.17.jar;F:\software\Maven\reposition\org\mybatis\mybatis-spring\3.0.4\mybatis-spring-3.0.4.jar;F:\software\Maven\reposition\com\mysql\mysql-connector-j\9.1.0\mysql-connector-j-9.1.0.jar;F:\software\Maven\reposition\org\projectlombok\lombok\1.18.30\lombok-1.18.30.jar;F:\software\Maven\reposition\org\springframework\boot\spring-boot-starter-test\3.4.5\spring-boot-starter-test-3.4.5.jar;F:\software\Maven\reposition\org\springframework\boot\spring-boot-test\3.4.5\spring-boot-test-3.4.5.jar;F:\software\Maven\reposition\org\springframework\boot\spring-boot-test-autoconfigure\3.4.5\spring-boot-test-autoconfigure-3.4.5.jar;F:\software\Maven\reposition\com\jayway\jsonpath\json-path\2.9.0\json-path-2.9.0.jar;F:\software\Maven\reposition\org\slf4j\slf4j-api\2.0.17\slf4j-api-2.0.17.jar;F:\software\Maven\reposition\jakarta\xml\bind\jakarta.xml.bind-api\4.0.2\jakarta.xml.bind-api-4.0.2.jar;F:\software\Maven\reposition\jakarta\activation\jakarta.activation-api\2.1.3\jakarta.activation-api-2.1.3.jar;F:\software\Maven\reposition\net\minidev\json-smart\2.5.2\json-smart-2.5.2.jar;F:\software\Maven\reposition\net\minidev\accessors-smart\2.5.2\accessors-smart-2.5.2.jar;F:\software\Maven\reposition\org\ow2\asm\asm\9.7.1\asm-9.7.1.jar;F:\software\Maven\reposition\org\assertj\assertj-core\3.26.3\assertj-core-3.26.3.jar;F:\software\Maven\reposition\net\bytebuddy\byte-buddy\1.15.11\byte-buddy-1.15.11.jar;F:\software\Maven\reposition\org\awaitility\awaitility\4.2.2\awaitility-4.2.2.jar;F:\software\Maven\reposition\org\hamcrest\hamcrest\2.2\hamcrest-2.2.jar;F:\software\Maven\reposition\org\junit\jupiter\junit-jupiter\5.11.4\junit-jupiter-5.11.4.jar;F:\software\Maven\reposition\org\junit\jupiter\junit-jupiter-api\5.11.4\junit-jupiter-api-5.11.4.jar;F:\software\Maven\reposition\org\opentest4j\opentest4j\1.3.0\opentest4j-1.3.0.jar;F:\software\Maven\reposition\org\junit\platform\junit-platform-commons\1.11.4\junit-platform-commons-1.11.4.jar;F:\software\Maven\reposition\org\apiguardian\apiguardian-api\1.1.2\apiguardian-api-1.1.2.jar;F:\software\Maven\reposition\org\junit\jupiter\junit-jupiter-params\5.11.4\junit-jupiter-params-5.11.4.jar;F:\software\Maven\reposition\org\junit\jupiter\junit-jupiter-engine\5.11.4\junit-jupiter-engine-5.11.4.jar;F:\software\Maven\reposition\org\junit\platform\junit-platform-engine\1.11.4\junit-platform-engine-1.11.4.jar;F:\software\Maven\reposition\org\mockito\mockito-core\5.14.2\mockito-core-5.14.2.jar;F:\software\Maven\reposition\net\bytebuddy\byte-buddy-agent\1.15.11\byte-buddy-agent-1.15.11.jar;F:\software\Maven\reposition\org\objenesis\objenesis\3.3\objenesis-3.3.jar;F:\software\Maven\reposition\org\mockito\mockito-junit-jupiter\5.14.2\mockito-junit-jupiter-5.14.2.jar;F:\software\Maven\reposition\org\skyscreamer\jsonassert\1.5.3\jsonassert-1.5.3.jar;F:\software\Maven\reposition\com\vaadin\external\google\android-json\0.0.20131108.vaadin1\android-json-0.0.20131108.vaadin1.jar;F:\software\Maven\reposition\org\springframework\spring-core\6.2.6\spring-core-6.2.6.jar;F:\software\Maven\reposition\org\springframework\spring-jcl\6.2.6\spring-jcl-6.2.6.jar;F:\software\Maven\reposition\org\springframework\spring-test\6.2.6\spring-test-6.2.6.jar;F:\software\Maven\reposition\org\xmlunit\xmlunit-core\2.10.0\xmlunit-core-2.10.0.jar;F:\software\Maven\reposition\org\mybatis\spring\boot\mybatis-spring-boot-starter-test\3.0.4\mybatis-spring-boot-starter-test-3.0.4.jar;F:\software\Maven\reposition\org\mybatis\spring\boot\mybatis-spring-boot-test-autoconfigure\3.0.4\mybatis-spring-boot-test-autoconfigure-3.0.4.jar;F:\software\Maven\reposition\org\springframework\spring-tx\6.2.6\spring-tx-6.2.6.jar;"/>
    <property name="java.vm.vendor" value="Oracle Corporation"/>
    <property name="sun.arch.data.model" value="64"/>
    <property name="user.variant" value=""/>
    <property name="java.vendor.url" value="https://java.oracle.com/"/>
    <property name="user.timezone" value="Asia/Shanghai"/>
    <property name="os.name" value="Windows 11"/>
    <property name="java.vm.specification.version" value="21"/>
    <property name="sun.java.launcher" value="SUN_STANDARD"/>
    <property name="user.country" value="CN"/>
    <property name="sun.boot.library.path" value="F:\软件\jdk\bin"/>
    <property name="sun.java.command" value="C:\Users\10036\AppData\Local\Temp\surefire17049514745651682450\surefirebooter-20250517113606409_3.jar C:\Users\10036\AppData\Local\Temp\surefire17049514745651682450 2025-05-17T11-36-06_101-jvmRun1 surefire-20250517113606409_1tmp surefire_0-20250517113606409_2tmp"/>
    <property name="jdk.debug" value="release"/>
    <property name="surefire.test.class.path" value="F:\javacode\ExpressSystem-web\LogixSwift-management\target\test-classes;F:\javacode\ExpressSystem-web\LogixSwift-management\target\classes;F:\software\Maven\reposition\org\springframework\boot\spring-boot-starter-web\3.4.5\spring-boot-starter-web-3.4.5.jar;F:\software\Maven\reposition\org\springframework\boot\spring-boot-starter\3.4.5\spring-boot-starter-3.4.5.jar;F:\software\Maven\reposition\org\springframework\boot\spring-boot\3.4.5\spring-boot-3.4.5.jar;F:\software\Maven\reposition\org\springframework\boot\spring-boot-autoconfigure\3.4.5\spring-boot-autoconfigure-3.4.5.jar;F:\software\Maven\reposition\org\springframework\boot\spring-boot-starter-logging\3.4.5\spring-boot-starter-logging-3.4.5.jar;F:\software\Maven\reposition\ch\qos\logback\logback-classic\1.5.18\logback-classic-1.5.18.jar;F:\software\Maven\reposition\ch\qos\logback\logback-core\1.5.18\logback-core-1.5.18.jar;F:\software\Maven\reposition\org\apache\logging\log4j\log4j-to-slf4j\2.24.3\log4j-to-slf4j-2.24.3.jar;F:\software\Maven\reposition\org\apache\logging\log4j\log4j-api\2.24.3\log4j-api-2.24.3.jar;F:\software\Maven\reposition\org\slf4j\jul-to-slf4j\2.0.17\jul-to-slf4j-2.0.17.jar;F:\software\Maven\reposition\jakarta\annotation\jakarta.annotation-api\2.1.1\jakarta.annotation-api-2.1.1.jar;F:\software\Maven\reposition\org\yaml\snakeyaml\2.3\snakeyaml-2.3.jar;F:\software\Maven\reposition\org\springframework\boot\spring-boot-starter-json\3.4.5\spring-boot-starter-json-3.4.5.jar;F:\software\Maven\reposition\com\fasterxml\jackson\core\jackson-databind\2.18.3\jackson-databind-2.18.3.jar;F:\software\Maven\reposition\com\fasterxml\jackson\core\jackson-annotations\2.18.3\jackson-annotations-2.18.3.jar;F:\software\Maven\reposition\com\fasterxml\jackson\core\jackson-core\2.18.3\jackson-core-2.18.3.jar;F:\software\Maven\reposition\com\fasterxml\jackson\datatype\jackson-datatype-jdk8\2.18.3\jackson-datatype-jdk8-2.18.3.jar;F:\software\Maven\reposition\com\fasterxml\jackson\datatype\jackson-datatype-jsr310\2.18.3\jackson-datatype-jsr310-2.18.3.jar;F:\software\Maven\reposition\com\fasterxml\jackson\module\jackson-module-parameter-names\2.18.3\jackson-module-parameter-names-2.18.3.jar;F:\software\Maven\reposition\org\springframework\boot\spring-boot-starter-tomcat\3.4.5\spring-boot-starter-tomcat-3.4.5.jar;F:\software\Maven\reposition\org\apache\tomcat\embed\tomcat-embed-core\10.1.40\tomcat-embed-core-10.1.40.jar;F:\software\Maven\reposition\org\apache\tomcat\embed\tomcat-embed-el\10.1.40\tomcat-embed-el-10.1.40.jar;F:\software\Maven\reposition\org\apache\tomcat\embed\tomcat-embed-websocket\10.1.40\tomcat-embed-websocket-10.1.40.jar;F:\software\Maven\reposition\org\springframework\spring-web\6.2.6\spring-web-6.2.6.jar;F:\software\Maven\reposition\org\springframework\spring-beans\6.2.6\spring-beans-6.2.6.jar;F:\software\Maven\reposition\io\micrometer\micrometer-observation\1.14.6\micrometer-observation-1.14.6.jar;F:\software\Maven\reposition\io\micrometer\micrometer-commons\1.14.6\micrometer-commons-1.14.6.jar;F:\software\Maven\reposition\org\springframework\spring-webmvc\6.2.6\spring-webmvc-6.2.6.jar;F:\software\Maven\reposition\org\springframework\spring-aop\6.2.6\spring-aop-6.2.6.jar;F:\software\Maven\reposition\org\springframework\spring-context\6.2.6\spring-context-6.2.6.jar;F:\software\Maven\reposition\org\springframework\spring-expression\6.2.6\spring-expression-6.2.6.jar;F:\software\Maven\reposition\org\mybatis\spring\boot\mybatis-spring-boot-starter\3.0.4\mybatis-spring-boot-starter-3.0.4.jar;F:\software\Maven\reposition\org\springframework\boot\spring-boot-starter-jdbc\3.4.5\spring-boot-starter-jdbc-3.4.5.jar;F:\software\Maven\reposition\com\zaxxer\HikariCP\5.1.0\HikariCP-5.1.0.jar;F:\software\Maven\reposition\org\springframework\spring-jdbc\6.2.6\spring-jdbc-6.2.6.jar;F:\software\Maven\reposition\org\mybatis\spring\boot\mybatis-spring-boot-autoconfigure\3.0.4\mybatis-spring-boot-autoconfigure-3.0.4.jar;F:\software\Maven\reposition\org\mybatis\mybatis\3.5.17\mybatis-3.5.17.jar;F:\software\Maven\reposition\org\mybatis\mybatis-spring\3.0.4\mybatis-spring-3.0.4.jar;F:\software\Maven\reposition\com\mysql\mysql-connector-j\9.1.0\mysql-connector-j-9.1.0.jar;F:\software\Maven\reposition\org\projectlombok\lombok\1.18.30\lombok-1.18.30.jar;F:\software\Maven\reposition\org\springframework\boot\spring-boot-starter-test\3.4.5\spring-boot-starter-test-3.4.5.jar;F:\software\Maven\reposition\org\springframework\boot\spring-boot-test\3.4.5\spring-boot-test-3.4.5.jar;F:\software\Maven\reposition\org\springframework\boot\spring-boot-test-autoconfigure\3.4.5\spring-boot-test-autoconfigure-3.4.5.jar;F:\software\Maven\reposition\com\jayway\jsonpath\json-path\2.9.0\json-path-2.9.0.jar;F:\software\Maven\reposition\org\slf4j\slf4j-api\2.0.17\slf4j-api-2.0.17.jar;F:\software\Maven\reposition\jakarta\xml\bind\jakarta.xml.bind-api\4.0.2\jakarta.xml.bind-api-4.0.2.jar;F:\software\Maven\reposition\jakarta\activation\jakarta.activation-api\2.1.3\jakarta.activation-api-2.1.3.jar;F:\software\Maven\reposition\net\minidev\json-smart\2.5.2\json-smart-2.5.2.jar;F:\software\Maven\reposition\net\minidev\accessors-smart\2.5.2\accessors-smart-2.5.2.jar;F:\software\Maven\reposition\org\ow2\asm\asm\9.7.1\asm-9.7.1.jar;F:\software\Maven\reposition\org\assertj\assertj-core\3.26.3\assertj-core-3.26.3.jar;F:\software\Maven\reposition\net\bytebuddy\byte-buddy\1.15.11\byte-buddy-1.15.11.jar;F:\software\Maven\reposition\org\awaitility\awaitility\4.2.2\awaitility-4.2.2.jar;F:\software\Maven\reposition\org\hamcrest\hamcrest\2.2\hamcrest-2.2.jar;F:\software\Maven\reposition\org\junit\jupiter\junit-jupiter\5.11.4\junit-jupiter-5.11.4.jar;F:\software\Maven\reposition\org\junit\jupiter\junit-jupiter-api\5.11.4\junit-jupiter-api-5.11.4.jar;F:\software\Maven\reposition\org\opentest4j\opentest4j\1.3.0\opentest4j-1.3.0.jar;F:\software\Maven\reposition\org\junit\platform\junit-platform-commons\1.11.4\junit-platform-commons-1.11.4.jar;F:\software\Maven\reposition\org\apiguardian\apiguardian-api\1.1.2\apiguardian-api-1.1.2.jar;F:\software\Maven\reposition\org\junit\jupiter\junit-jupiter-params\5.11.4\junit-jupiter-params-5.11.4.jar;F:\software\Maven\reposition\org\junit\jupiter\junit-jupiter-engine\5.11.4\junit-jupiter-engine-5.11.4.jar;F:\software\Maven\reposition\org\junit\platform\junit-platform-engine\1.11.4\junit-platform-engine-1.11.4.jar;F:\software\Maven\reposition\org\mockito\mockito-core\5.14.2\mockito-core-5.14.2.jar;F:\software\Maven\reposition\net\bytebuddy\byte-buddy-agent\1.15.11\byte-buddy-agent-1.15.11.jar;F:\software\Maven\reposition\org\objenesis\objenesis\3.3\objenesis-3.3.jar;F:\software\Maven\reposition\org\mockito\mockito-junit-jupiter\5.14.2\mockito-junit-jupiter-5.14.2.jar;F:\software\Maven\reposition\org\skyscreamer\jsonassert\1.5.3\jsonassert-1.5.3.jar;F:\software\Maven\reposition\com\vaadin\external\google\android-json\0.0.20131108.vaadin1\android-json-0.0.20131108.vaadin1.jar;F:\software\Maven\reposition\org\springframework\spring-core\6.2.6\spring-core-6.2.6.jar;F:\software\Maven\reposition\org\springframework\spring-jcl\6.2.6\spring-jcl-6.2.6.jar;F:\software\Maven\reposition\org\springframework\spring-test\6.2.6\spring-test-6.2.6.jar;F:\software\Maven\reposition\org\xmlunit\xmlunit-core\2.10.0\xmlunit-core-2.10.0.jar;F:\software\Maven\reposition\org\mybatis\spring\boot\mybatis-spring-boot-starter-test\3.0.4\mybatis-spring-boot-starter-test-3.0.4.jar;F:\software\Maven\reposition\org\mybatis\spring\boot\mybatis-spring-boot-test-autoconfigure\3.0.4\mybatis-spring-boot-test-autoconfigure-3.0.4.jar;F:\software\Maven\reposition\org\springframework\spring-tx\6.2.6\spring-tx-6.2.6.jar;"/>
    <property name="sun.cpu.endian" value="little"/>
    <property name="user.home" value="C:\Users\10036"/>
    <property name="user.language" value="zh"/>
    <property name="java.specification.vendor" value="Oracle Corporation"/>
    <property name="java.version.date" value="2024-10-15"/>
    <property name="java.home" value="F:\软件\jdk"/>
    <property name="file.separator" value="\"/>
    <property name="basedir" value="F:\javacode\ExpressSystem-web\LogixSwift-management"/>
    <property name="java.vm.compressedOopsMode" value="Zero based"/>
    <property name="line.separator" value="&#10;"/>
    <property name="java.vm.specification.vendor" value="Oracle Corporation"/>
    <property name="java.specification.name" value="Java Platform API Specification"/>
    <property name="FILE_LOG_CHARSET" value="UTF-8"/>
    <property name="java.awt.headless" value="true"/>
    <property name="surefire.real.class.path" value="C:\Users\10036\AppData\Local\Temp\surefire17049514745651682450\surefirebooter-20250517113606409_3.jar"/>
    <property name="user.script" value=""/>
    <property name="sun.management.compiler" value="HotSpot 64-Bit Tiered Compilers"/>
    <property name="java.runtime.version" value="21.0.5+9-LTS-239"/>
    <property name="user.name" value="10036"/>
    <property name="stdout.encoding" value="GBK"/>
    <property name="path.separator" value=";"/>
    <property name="os.version" value="10.0"/>
    <property name="java.runtime.name" value="Java(TM) SE Runtime Environment"/>
    <property name="file.encoding" value="UTF-8"/>
    <property name="java.vm.name" value="Java HotSpot(TM) 64-Bit Server VM"/>
    <property name="localRepository" value="F:\software\Maven\reposition"/>
    <property name="java.vendor.url.bug" value="https://bugreport.java.com/bugreport/"/>
    <property name="java.io.tmpdir" value="C:\Users\10036\AppData\Local\Temp\"/>
    <property name="idea.version" value="2023.2"/>
    <property name="java.version" value="21.0.5"/>
    <property name="user.dir" value="F:\javacode\ExpressSystem-web\LogixSwift-management"/>
    <property name="os.arch" value="amd64"/>
    <property name="java.vm.specification.name" value="Java Virtual Machine Specification"/>
    <property name="PID" value="25232"/>
    <property name="sun.os.patch.level" value=""/>
    <property name="CONSOLE_LOG_CHARSET" value="UTF-8"/>
    <property name="native.encoding" value="GBK"/>
    <property name="java.library.path" value="F:\软件\jdk\bin;C:\WINDOWS\Sun\Java\bin;C:\WINDOWS\system32;C:\WINDOWS;F:\software\Mavensoftware\apache-maven-3.9.6-bin\apache-maven-3.9.6\bin;F:\software\vmware\VMware\bin\;C:\Program Files\Common Files\Oracle\Java\javapath;C:\Program Files\PlasticSCM5\server;C:\Program Files\PlasticSCM5\client;C:\WINDOWS\system32;C:\WINDOWS;C:\WINDOWS\System32\Wbem;C:\WINDOWS\System32\WindowsPowerShell\v1.0\;C:\WINDOWS\System32\OpenSSH\;C:\Program Files\Microsoft SQL Server\150\Tools\Binn\;C:\Program Files\Microsoft SQL Server\Client SDK\ODBC\170\Tools\Binn\;C:\Program Files\dotnet\;C:\Program Files (x86)\Windows Kits\10\Windows Performance Toolkit\;\Program Files\TortoiseGit\bin;D:\软件\Git\cmd;D:\软件\Bandizip\;D:\node\nodejs\;C:\Program Files (x86)\dotnet\;C:\Program Files\MySQL\MySQL Server 8.0\bin;C:\Users\10036\AppData\Local\Microsoft\WindowsApps;C:\Users\10036\.dotnet\tools;C:\Users\10036\AppData\Roaming\npm;D:\Harmony\DevEco Studio\bin;;F:\软件\VScode\Microsoft VS Code\bin;;."/>
    <property name="java.vm.info" value="mixed mode, sharing"/>
    <property name="stderr.encoding" value="GBK"/>
    <property name="java.vendor" value="Oracle Corporation"/>
    <property name="java.vm.version" value="21.0.5+9-LTS-239"/>
    <property name="sun.io.unicode.encoding" value="UnicodeLittle"/>
    <property name="java.class.version" value="65.0"/>
  </properties>
  <testcase name="contextLoads" classname="com.klein.LogixSwiftManagementApplicationTests" time="1.139">
    <system-out><![CDATA[11:36:08.238 [main] INFO org.springframework.test.context.support.AnnotationConfigContextLoaderUtils -- Could not detect default configuration classes for test class [com.klein.LogixSwiftManagementApplicationTests]: LogixSwiftManagementApplicationTests does not declare any static, non-private, non-final, nested classes annotated with @Configuration.
11:36:08.432 [main] INFO org.springframework.boot.test.context.SpringBootTestContextBootstrapper -- Found @SpringBootConfiguration com.klein.LogixSwiftManagementApplication for test class com.klein.LogixSwiftManagementApplicationTests

  .   ____          _            __ _ _
 /\\ / ___'_ __ _ _(_)_ __  __ _ \ \ \ \
( ( )\___ | '_ | '_| | '_ \/ _` | \ \ \ \
 \\/  ___)| |_)| | | | | || (_| |  ) ) ) )
  '  |____| .__|_| |_|_| |_\__, | / / / /
 =========|_|==============|___/=/_/_/_/

 :: Spring Boot ::                (v3.4.5)

2025-05-17T11:36:09.164+08:00  INFO 25232 --- [           main] c.k.LogixSwiftManagementApplicationTests : Starting LogixSwiftManagementApplicationTests using Java 21.0.5 with PID 25232 (started by 10036 in F:\javacode\ExpressSystem-web\LogixSwift-management)
2025-05-17T11:36:09.167+08:00  INFO 25232 --- [           main] c.k.LogixSwiftManagementApplicationTests : No active profile set, falling back to 1 default profile: "default"
Logging initialized using 'class org.apache.ibatis.logging.stdout.StdOutImpl' adapter.
2025-05-17T11:36:11.368+08:00  INFO 25232 --- [           main] c.k.LogixSwiftManagementApplicationTests : Started LogixSwiftManagementApplicationTests in 2.682 seconds (process running for 4.722)
]]></system-out>
    <system-err><![CDATA[Mockito is currently self-attaching to enable the inline-mock-maker. This will no longer work in future releases of the JDK. Please add Mockito as an agent to your build what is described in Mockito's documentation: https://javadoc.io/doc/org.mockito/mockito-core/latest/org/mockito/Mockito.html#0.3
WARNING: A Java agent has been loaded dynamically (F:\software\Maven\reposition\net\bytebuddy\byte-buddy-agent\1.15.11\byte-buddy-agent-1.15.11.jar)
WARNING: If a serviceability tool is in use, please run with -XX:+EnableDynamicAgentLoading to hide this warning
WARNING: If a serviceability tool is not in use, please run with -Djdk.instrument.traceUsage for more information
WARNING: Dynamic loading of agents will be disallowed by default in a future release
]]></system-err>
  </testcase>
</testsuite>